basketV2/build/app/intermediates/manifest_merge_blame_file/debug/manifest-merger-blame-debug-report.txt
1<?xml version="1.0" encoding="utf-8"?>
2<manifest xmlns:android="http://schemas.android.com/apk/res/android"
3    package="com.example.basketv2"
4    android:versionCode="1"
5    android:versionName="1.0.0" >
6
7    <uses-sdk
8        android:minSdkVersion="19"
9        android:targetSdkVersion="33" />
10    <!--
11         The INTERNET permission is required for development. Specifically,
12         the Flutter tool needs it to communicate with the running application
13         to allow setting breakpoints, to provide hot reload, etc.
14    -->
15    <uses-permission android:name="android.permission.INTERNET" />
15-->src\debug\AndroidManifest.xml:7:5-66
15-->src\debug\AndroidManifest.xml:7:22-64
16    <uses-permission android:name="android.permission.ACCESS_NETWORK_STATE" />
16-->[:firebase_analytics] AndroidManifest.xml:9:5-79
16-->[:firebase_analytics] AndroidManifest.xml:9:22-76
17    <uses-permission android:name="android.permission.WAKE_LOCK" /> <!-- Permissions options for the `notification` group -->
17-->[:firebase_analytics] AndroidManifest.xml:11:5-68
17-->[:firebase_analytics] AndroidManifest.xml:11:22-65
18    <uses-permission android:name="android.permission.POST_NOTIFICATIONS" /> <!-- Required by older versions of Google Play services to create IID tokens -->
18-->[:firebase_messaging] AndroidManifest.xml:13:5-77
18-->[:firebase_messaging] AndroidManifest.xml:13:22-74
19    <uses-permission android:name="com.google.android.c2dm.permission.RECEIVE" />
19-->[com.google.firebase:firebase-iid:21.1.0] AndroidManifest.xml:26:5-82
19-->[com.google.firebase:firebase-iid:21.1.0] AndroidManifest.xml:26:22-79
20    <uses-permission android:name="com.google.android.gms.permission.AD_ID" />
20-->[com.google.android.gms:play-services-measurement-api:21.2.0] AndroidManifest.xml:25:5-79
20-->[com.google.android.gms:play-services-measurement-api:21.2.0] AndroidManifest.xml:25:22-76
21    <uses-permission android:name="com.google.android.finsky.permission.BIND_GET_INSTALL_REFERRER_SERVICE" />
21-->[com.google.android.gms:play-services-measurement:21.2.0] AndroidManifest.xml:26:5-110
21-->[com.google.android.gms:play-services-measurement:21.2.0] AndroidManifest.xml:26:22-107
22
23    <permission
23-->[androidx.core:core:1.9.0] AndroidManifest.xml:22:5-24:47
24        android:name="com.example.basketv2.DYNAMIC_RECEIVER_NOT_EXPORTED_PERMISSION"
24-->[androidx.core:core:1.9.0] AndroidManifest.xml:23:9-81
25        android:protectionLevel="signature" />
25-->[androidx.core:core:1.9.0] AndroidManifest.xml:24:9-44
26
27    <uses-permission android:name="com.example.basketv2.DYNAMIC_RECEIVER_NOT_EXPORTED_PERMISSION" />
27-->[androidx.core:core:1.9.0] AndroidManifest.xml:26:5-97
27-->[androidx.core:core:1.9.0] AndroidManifest.xml:26:22-94
28
29    <application
30        android:name="android.app.Application"
31        android:appComponentFactory="androidx.core.app.CoreComponentFactory"
31-->[androidx.core:core:1.9.0] AndroidManifest.xml:28:18-86
32        android:debuggable="true"
33        android:icon="@mipmap/ic_launcher"
34        android:label="basketv2" >
35        <activity
36            android:name="com.example.basketv2.MainActivity"
37            android:configChanges="orientation|keyboardHidden|keyboard|screenSize|smallestScreenSize|locale|layoutDirection|fontScale|screenLayout|density|uiMode"
38            android:exported="true"
39            android:hardwareAccelerated="true"
40            android:launchMode="singleTop"
41            android:theme="@style/LaunchTheme"
42            android:windowSoftInputMode="adjustResize" >
43
44            <!--
45                 Specifies an Android theme to apply to this Activity as soon as
46                 the Android process has started. This theme is visible to the user
47                 while the Flutter UI initializes. After that, this theme continues
48                 to determine the Window background behind the Flutter UI.
49            -->
50            <meta-data
51                android:name="io.flutter.embedding.android.NormalTheme"
52                android:resource="@style/NormalTheme" />
53
54            <intent-filter>
55                <action android:name="android.intent.action.MAIN" />
56
57                <category android:name="android.intent.category.LAUNCHER" />
58            </intent-filter>
59        </activity>
60        <!--
61             Don't delete the meta-data below.
62             This is used by the Flutter tool to generate GeneratedPluginRegistrant.java
63        -->
64        <meta-data
65            android:name="flutterEmbedding"
66            android:value="2" />
67
68        <service
68-->[:firebase_analytics] AndroidManifest.xml:14:9-18:19
69            android:name="com.google.firebase.components.ComponentDiscoveryService"
69-->[:firebase_analytics] AndroidManifest.xml:14:18-89
70            android:directBootAware="true"
70-->[com.google.firebase:firebase-common:20.3.1] AndroidManifest.xml:34:13-43
71            android:exported="false" >
71-->[com.google.firebase:firebase-analytics-ktx:21.2.0] AndroidManifest.xml:10:13-37
72            <meta-data
72-->[:firebase_analytics] AndroidManifest.xml:15:13-17:85
73                android:name="com.google.firebase.components:io.flutter.plugins.firebase.analytics.FlutterFirebaseAppRegistrar"
73-->[:firebase_analytics] AndroidManifest.xml:16:17-128
74                android:value="com.google.firebase.components.ComponentRegistrar" />
74-->[:firebase_analytics] AndroidManifest.xml:17:17-82
75            <meta-data
75-->[:firebase_messaging] AndroidManifest.xml:38:13-40:85
76                android:name="com.google.firebase.components:io.flutter.plugins.firebase.messaging.FlutterFirebaseAppRegistrar"
76-->[:firebase_messaging] AndroidManifest.xml:39:17-128
77                android:value="com.google.firebase.components.ComponentRegistrar" />
77-->[:firebase_messaging] AndroidManifest.xml:40:17-82
78            <meta-data
78-->[:firebase_core] AndroidManifest.xml:11:13-13:85
79                android:name="com.google.firebase.components:io.flutter.plugins.firebase.core.FlutterFirebaseCoreRegistrar"
79-->[:firebase_core] AndroidManifest.xml:12:17-124
80                android:value="com.google.firebase.components.ComponentRegistrar" />
80-->[:firebase_core] AndroidManifest.xml:13:17-82
81            <meta-data
81-->[com.google.firebase:firebase-analytics-ktx:21.2.0] AndroidManifest.xml:11:13-13:85
82                android:name="com.google.firebase.components:com.google.firebase.analytics.ktx.FirebaseAnalyticsKtxRegistrar"
82-->[com.google.firebase:firebase-analytics-ktx:21.2.0] AndroidManifest.xml:12:17-126
83                android:value="com.google.firebase.components.ComponentRegistrar" />
83-->[com.google.firebase:firebase-analytics-ktx:21.2.0] AndroidManifest.xml:13:17-82
84            <meta-data
84-->[com.google.firebase:firebase-common-ktx:20.3.1] AndroidManifest.xml:14:13-16:85
85                android:name="com.google.firebase.components:com.google.firebase.ktx.FirebaseCommonKtxRegistrar"
85-->[com.google.firebase:firebase-common-ktx:20.3.1] AndroidManifest.xml:15:17-113
86                android:value="com.google.firebase.components.ComponentRegistrar" />
86-->[com.google.firebase:firebase-common-ktx:20.3.1] AndroidManifest.xml:16:17-82
87            <meta-data
87-->[com.google.firebase:firebase-iid:21.1.0] AndroidManifest.xml:32:13-34:85
88                android:name="com.google.firebase.components:com.google.firebase.iid.Registrar"
88-->[com.google.firebase:firebase-iid:21.1.0] AndroidManifest.xml:33:17-96
89                android:value="com.google.firebase.components.ComponentRegistrar" />
89-->[com.google.firebase:firebase-iid:21.1.0] AndroidManifest.xml:34:17-82
90            <meta-data
90-->[com.google.firebase:firebase-messaging:23.1.2] AndroidManifest.xml:55:13-57:85
91                android:name="com.google.firebase.components:com.google.firebase.messaging.FirebaseMessagingRegistrar"
91-->[com.google.firebase:firebase-messaging:23.1.2] AndroidManifest.xml:56:17-119
92                android:value="com.google.firebase.components.ComponentRegistrar" />
92-->[com.google.firebase:firebase-messaging:23.1.2] AndroidManifest.xml:57:17-82
93            <meta-data
93-->[com.google.android.gms:play-services-measurement-api:21.2.0] AndroidManifest.xml:31:13-33:85
94                android:name="com.google.firebase.components:com.google.firebase.analytics.connector.internal.AnalyticsConnectorRegistrar"
94-->[com.google.android.gms:play-services-measurement-api:21.2.0] AndroidManifest.xml:32:17-139
95                android:value="com.google.firebase.components.ComponentRegistrar" />
95-->[com.google.android.gms:play-services-measurement-api:21.2.0] AndroidManifest.xml:33:17-82
96            <meta-data
96-->[com.google.firebase:firebase-installations:17.1.3] AndroidManifest.xml:17:13-19:85
97                android:name="com.google.firebase.components:com.google.firebase.installations.FirebaseInstallationsRegistrar"
97-->[com.google.firebase:firebase-installations:17.1.3] AndroidManifest.xml:18:17-127
98                android:value="com.google.firebase.components.ComponentRegistrar" />
98-->[com.google.firebase:firebase-installations:17.1.3] AndroidManifest.xml:19:17-82
99            <meta-data
99-->[com.google.firebase:firebase-datatransport:18.1.7] AndroidManifest.xml:27:13-29:85
100                android:name="com.google.firebase.components:com.google.firebase.datatransport.TransportRegistrar"
100-->[com.google.firebase:firebase-datatransport:18.1.7] AndroidManifest.xml:28:17-115
101                android:value="com.google.firebase.components.ComponentRegistrar" />
101-->[com.google.firebase:firebase-datatransport:18.1.7] AndroidManifest.xml:29:17-82
102        </service>
103        <service
103-->[:firebase_messaging] AndroidManifest.xml:16:9-19:72
104            android:name="io.flutter.plugins.firebase.messaging.FlutterFirebaseMessagingBackgroundService"
104-->[:firebase_messaging] AndroidManifest.xml:17:13-107
105            android:exported="false"
105-->[:firebase_messaging] AndroidManifest.xml:18:13-37
106            android:permission="android.permission.BIND_JOB_SERVICE" />
106-->[:firebase_messaging] AndroidManifest.xml:19:13-69
107        <service
107-->[:firebase_messaging] AndroidManifest.xml:20:9-26:19
108            android:name="io.flutter.plugins.firebase.messaging.FlutterFirebaseMessagingService"
108-->[:firebase_messaging] AndroidManifest.xml:21:13-97
109            android:exported="false" >
109-->[:firebase_messaging] AndroidManifest.xml:22:13-37
110            <intent-filter>
110-->[:firebase_messaging] AndroidManifest.xml:23:13-25:29
111                <action android:name="com.google.firebase.MESSAGING_EVENT" />
111-->[:firebase_messaging] AndroidManifest.xml:24:17-78
111-->[:firebase_messaging] AndroidManifest.xml:24:25-75
112            </intent-filter>
113        </service>
114
115        <receiver
115-->[:firebase_messaging] AndroidManifest.xml:28:9-35:20
116            android:name="io.flutter.plugins.firebase.messaging.FlutterFirebaseMessagingReceiver"
116-->[:firebase_messaging] AndroidManifest.xml:29:13-98
117            android:exported="true"
117-->[:firebase_messaging] AndroidManifest.xml:30:13-36
118            android:permission="com.google.android.c2dm.permission.SEND" >
118-->[:firebase_messaging] AndroidManifest.xml:31:13-73
119            <intent-filter>
119-->[:firebase_messaging] AndroidManifest.xml:32:13-34:29
120                <action android:name="com.google.android.c2dm.intent.RECEIVE" />
120-->[:firebase_messaging] AndroidManifest.xml:33:17-81
120-->[:firebase_messaging] AndroidManifest.xml:33:25-78
121            </intent-filter>
122        </receiver>
123
124        <provider
124-->[:firebase_messaging] AndroidManifest.xml:43:9-47:38
125            android:name="io.flutter.plugins.firebase.messaging.FlutterFirebaseMessagingInitProvider"
125-->[:firebase_messaging] AndroidManifest.xml:44:13-102
126            android:authorities="com.example.basketv2.flutterfirebasemessaginginitprovider"
126-->[:firebase_messaging] AndroidManifest.xml:45:13-88
127            android:exported="false"
127-->[:firebase_messaging] AndroidManifest.xml:46:13-37
128            android:initOrder="99" />
128-->[:firebase_messaging] AndroidManifest.xml:47:13-35
129        <provider
129-->[:image_picker_android] AndroidManifest.xml:10:9-18:20
130            android:name="io.flutter.plugins.imagepicker.ImagePickerFileProvider"
130-->[:image_picker_android] AndroidManifest.xml:11:13-82
131            android:authorities="com.example.basketv2.flutter.image_provider"
131-->[:image_picker_android] AndroidManifest.xml:12:13-74
132            android:exported="false"
132-->[:image_picker_android] AndroidManifest.xml:13:13-37
133            android:grantUriPermissions="true" >
133-->[:image_picker_android] AndroidManifest.xml:14:13-47
134            <meta-data
134-->[:image_picker_android] AndroidManifest.xml:15:13-17:75
135                android:name="android.support.FILE_PROVIDER_PATHS"
135-->[:image_picker_android] AndroidManifest.xml:16:17-67
136                android:resource="@xml/flutter_image_picker_file_paths" />
136-->[:image_picker_android] AndroidManifest.xml:17:17-72
137        </provider>
138
139        <receiver
139-->[com.google.firebase:firebase-messaging:23.1.2] AndroidManifest.xml:31:9-38:20
140            android:name="com.google.firebase.iid.FirebaseInstanceIdReceiver"
140-->[com.google.firebase:firebase-messaging:23.1.2] AndroidManifest.xml:32:13-78
141            android:exported="true"
141-->[com.google.firebase:firebase-messaging:23.1.2] AndroidManifest.xml:33:13-36
142            android:permission="com.google.android.c2dm.permission.SEND" >
142-->[com.google.firebase:firebase-messaging:23.1.2] AndroidManifest.xml:34:13-73
143            <intent-filter>
143-->[:firebase_messaging] AndroidManifest.xml:32:13-34:29
144                <action android:name="com.google.android.c2dm.intent.RECEIVE" />
144-->[:firebase_messaging] AndroidManifest.xml:33:17-81
144-->[:firebase_messaging] AndroidManifest.xml:33:25-78
145            </intent-filter>
146        </receiver>
147        <!--
148             FirebaseMessagingService performs security checks at runtime,
149             but set to not exported to explicitly avoid allowing another app to call it.
150        -->
151        <service
151-->[com.google.firebase:firebase-messaging:23.1.2] AndroidManifest.xml:44:9-51:19
152            android:name="com.google.firebase.messaging.FirebaseMessagingService"
152-->[com.google.firebase:firebase-messaging:23.1.2] AndroidManifest.xml:45:13-82
153            android:directBootAware="true"
153-->[com.google.firebase:firebase-messaging:23.1.2] AndroidManifest.xml:46:13-43
154            android:exported="false" >
154-->[com.google.firebase:firebase-messaging:23.1.2] AndroidManifest.xml:47:13-37
155            <intent-filter android:priority="-500" >
155-->[:firebase_messaging] AndroidManifest.xml:23:13-25:29
156                <action android:name="com.google.firebase.MESSAGING_EVENT" />
156-->[:firebase_messaging] AndroidManifest.xml:24:17-78
156-->[:firebase_messaging] AndroidManifest.xml:24:25-75
157            </intent-filter>
158        </service>
159
160        <provider
160-->[com.google.firebase:firebase-common:20.3.1] AndroidManifest.xml:25:9-30:39
161            android:name="com.google.firebase.provider.FirebaseInitProvider"
161-->[com.google.firebase:firebase-common:20.3.1] AndroidManifest.xml:26:13-77
162            android:authorities="com.example.basketv2.firebaseinitprovider"
162-->[com.google.firebase:firebase-common:20.3.1] AndroidManifest.xml:27:13-72
163            android:directBootAware="true"
163-->[com.google.firebase:firebase-common:20.3.1] AndroidManifest.xml:28:13-43
164            android:exported="false"
164-->[com.google.firebase:firebase-common:20.3.1] AndroidManifest.xml:29:13-37
165            android:initOrder="100" />
165-->[com.google.firebase:firebase-common:20.3.1] AndroidManifest.xml:30:13-36
166
167        <activity
167-->[com.google.android.gms:play-services-base:18.0.1] AndroidManifest.xml:20:9-22:45
168            android:name="com.google.android.gms.common.api.GoogleApiActivity"
168-->[com.google.android.gms:play-services-base:18.0.1] AndroidManifest.xml:20:19-85
169            android:exported="false"
169-->[com.google.android.gms:play-services-base:18.0.1] AndroidManifest.xml:22:19-43
170            android:theme="@android:style/Theme.Translucent.NoTitleBar" />
170-->[com.google.android.gms:play-services-base:18.0.1] AndroidManifest.xml:21:19-78
171
172        <receiver
172-->[com.google.android.gms:play-services-measurement:21.2.0] AndroidManifest.xml:29:9-33:20
173            android:name="com.google.android.gms.measurement.AppMeasurementReceiver"
173-->[com.google.android.gms:play-services-measurement:21.2.0] AndroidManifest.xml:30:13-85
174            android:enabled="true"
174-->[com.google.android.gms:play-services-measurement:21.2.0] AndroidManifest.xml:31:13-35
175            android:exported="false" >
175-->[com.google.android.gms:play-services-measurement:21.2.0] AndroidManifest.xml:32:13-37
176        </receiver>
177
178        <service
178-->[com.google.android.gms:play-services-measurement:21.2.0] AndroidManifest.xml:35:9-38:40
179            android:name="com.google.android.gms.measurement.AppMeasurementService"
179-->[com.google.android.gms:play-services-measurement:21.2.0] AndroidManifest.xml:36:13-84
180            android:enabled="true"
180-->[com.google.android.gms:play-services-measurement:21.2.0] AndroidManifest.xml:37:13-35
181            android:exported="false" />
181-->[com.google.android.gms:play-services-measurement:21.2.0] AndroidManifest.xml:38:13-37
182        <service
182-->[com.google.android.gms:play-services-measurement:21.2.0] AndroidManifest.xml:39:9-43:72
183            android:name="com.google.android.gms.measurement.AppMeasurementJobService"
183-->[com.google.android.gms:play-services-measurement:21.2.0] AndroidManifest.xml:40:13-87
184            android:enabled="true"
184-->[com.google.android.gms:play-services-measurement:21.2.0] AndroidManifest.xml:41:13-35
185            android:exported="false"
185-->[com.google.android.gms:play-services-measurement:21.2.0] AndroidManifest.xml:42:13-37
186            android:permission="android.permission.BIND_JOB_SERVICE" />
186-->[com.google.android.gms:play-services-measurement:21.2.0] AndroidManifest.xml:43:13-69
187
188        <meta-data
188-->[com.google.android.gms:play-services-basement:18.1.0] AndroidManifest.xml:21:9-23:69
189            android:name="com.google.android.gms.version"
189-->[com.google.android.gms:play-services-basement:18.1.0] AndroidManifest.xml:22:13-58
190            android:value="@integer/google_play_services_version" />
190-->[com.google.android.gms:play-services-basement:18.1.0] AndroidManifest.xml:23:13-66
191
192        <uses-library
192-->[androidx.window:window:1.0.0-beta04] AndroidManifest.xml:25:9-27:40
193            android:name="androidx.window.extensions"
193-->[androidx.window:window:1.0.0-beta04] AndroidManifest.xml:26:13-54
194            android:required="false" />
194-->[androidx.window:window:1.0.0-beta04] AndroidManifest.xml:27:13-37
195        <uses-library
195-->[androidx.window:window:1.0.0-beta04] AndroidManifest.xml:28:9-30:40
196            android:name="androidx.window.sidecar"
196-->[androidx.window:window:1.0.0-beta04] AndroidManifest.xml:29:13-51
197            android:required="false" />
197-->[androidx.window:window:1.0.0-beta04] AndroidManifest.xml:30:13-37
198
199        <service
199-->[com.google.android.datatransport:transport-backend-cct:3.1.8] AndroidManifest.xml:28:9-34:19
200            android:name="com.google.android.datatransport.runtime.backends.TransportBackendDiscovery"
200-->[com.google.android.datatransport:transport-backend-cct:3.1.8] AndroidManifest.xml:29:13-103
201            android:exported="false" >
201-->[com.google.android.datatransport:transport-backend-cct:3.1.8] AndroidManifest.xml:30:13-37
202            <meta-data
202-->[com.google.android.datatransport:transport-backend-cct:3.1.8] AndroidManifest.xml:31:13-33:39
203                android:name="backend:com.google.android.datatransport.cct.CctBackendFactory"
203-->[com.google.android.datatransport:transport-backend-cct:3.1.8] AndroidManifest.xml:32:17-94
204                android:value="cct" />
204-->[com.google.android.datatransport:transport-backend-cct:3.1.8] AndroidManifest.xml:33:17-36
205        </service>
206        <service
206-->[com.google.android.datatransport:transport-runtime:3.1.8] AndroidManifest.xml:26:9-30:19
207            android:name="com.google.android.datatransport.runtime.scheduling.jobscheduling.JobInfoSchedulerService"
207-->[com.google.android.datatransport:transport-runtime:3.1.8] AndroidManifest.xml:27:13-117
208            android:exported="false"
208-->[com.google.android.datatransport:transport-runtime:3.1.8] AndroidManifest.xml:28:13-37
209            android:permission="android.permission.BIND_JOB_SERVICE" >
209-->[com.google.android.datatransport:transport-runtime:3.1.8] AndroidManifest.xml:29:13-69
210        </service>
211
212        <receiver
212-->[com.google.android.datatransport:transport-runtime:3.1.8] AndroidManifest.xml:32:9-34:40
213            android:name="com.google.android.datatransport.runtime.scheduling.jobscheduling.AlarmManagerSchedulerBroadcastReceiver"
213-->[com.google.android.datatransport:transport-runtime:3.1.8] AndroidManifest.xml:33:13-132
214            android:exported="false" />
214-->[com.google.android.datatransport:transport-runtime:3.1.8] AndroidManifest.xml:34:13-37
215    </application>
216
217</manifest>